<?xml version="1.0" encoding="utf-8"?><testsuites name="pytest tests"><testsuite name="pytest" errors="0" failures="0" skipped="0" tests="28" time="68.282" timestamp="2026-06-08T08:47:41.742019+00:00" hostname="agent-env-6e70c0a3-0650-4557-90f7-f809d6ae4a3c"><testcase classname="backend.tests.test_medify_api.TestPatient" name="test_get_patient" time="0.158" /><testcase classname="backend.tests.test_medify_api.TestPatient" name="test_update_patient" time="0.095" /><testcase classname="backend.tests.test_medify_api.TestMedicines" name="test_create_medicine" time="0.048" /><testcase classname="backend.tests.test_medify_api.TestMedicines" name="test_list_medicines" time="0.048" /><testcase classname="backend.tests.test_medify_api.TestMedicines" name="test_update_medicine" time="0.062" /><testcase classname="backend.tests.test_medify_api.TestMedicines" name="test_log_medicine" time="0.095" /><testcase classname="backend.tests.test_medify_api.TestMedicines" name="test_list_logs" time="0.049" /><testcase classname="backend.tests.test_medify_api.TestMedicines" name="test_adherence" time="0.047" /><testcase classname="backend.tests.test_medify_api.TestMedicines" name="test_delete_medicine" time="0.091" /><testcase classname="backend.tests.test_medify_api.TestPrescriptions" name="test_create_prescription_auto_creates_medicines" time="0.090" /><testcase classname="backend.tests.test_medify_api.TestPrescriptions" name="test_list_prescriptions" time="0.047" /><testcase classname="backend.tests.test_medify_api.TestPrescriptions" name="test_scan_prescription" time="7.055" /><testcase classname="backend.tests.test_medify_api.TestPrescriptions" name="test_delete_prescription" time="0.049" /><testcase classname="backend.tests.test_medify_api.TestChat" name="test_chat_en" time="23.566" /><testcase classname="backend.tests.test_medify_api.TestChat" name="test_chat_history_persists" time="18.081" /><testcase classname="backend.tests.test_medify_api.TestChat" name="test_chat_bengali" time="18.021" /><testcase classname="backend.tests.test_medify_api.TestChat" name="test_clear_chat" time="0.092" /><testcase classname="backend.tests.test_medify_api.TestAppointments" name="test_create" time="0.051" /><testcase classname="backend.tests.test_medify_api.TestAppointments" name="test_list" time="0.047" /><testcase classname="backend.tests.test_medify_api.TestAppointments" name="test_update" time="0.047" /><testcase classname="backend.tests.test_medify_api.TestAppointments" name="test_delete" time="0.044" /><testcase classname="backend.tests.test_medify_api.TestHealthRecords" name="test_create_with_image" time="0.046" /><testcase classname="backend.tests.test_medify_api.TestHealthRecords" name="test_list" time="0.048" /><testcase classname="backend.tests.test_medify_api.TestHealthRecords" name="test_delete" time="0.047" /><testcase classname="backend.tests.test_medify_api.TestHospitalsEmergency" name="test_hospitals_sorted" time="0.046" /><testcase classname="backend.tests.test_medify_api.TestHospitalsEmergency" name="test_emergency_contacts" time="0.048" /><testcase classname="backend.tests.test_medify_api.TestSOS" name="test_trigger_sos" time="0.048" /><testcase classname="backend.tests.test_medify_api.TestSOS" name="test_list_sos" time="0.046" /></testsuite></testsuites>